  main.cpp
C:\Users\chris\OneDrive\Desktop\Code\git\christian-iverson\PA9\PA9-CPTS-122-Idea\dev\PA9-CPTS-122-Idea\SFML_tutorial\SFML_tutorial\SFML_tutorial\main.cpp(25,49): warning C4244: 'argument': conversion from 'const float' to 'unsigned int', possible loss of data
C:\Users\chris\OneDrive\Desktop\Code\git\christian-iverson\PA9\PA9-CPTS-122-Idea\dev\PA9-CPTS-122-Idea\SFML_tutorial\SFML_tutorial\SFML_tutorial\main.cpp(25,43): warning C4244: 'argument': conversion from 'float' to 'unsigned int', possible loss of data
C:\Users\chris\OneDrive\Desktop\Code\git\christian-iverson\PA9\PA9-CPTS-122-Idea\dev\PA9-CPTS-122-Idea\SFML_tutorial\SFML_tutorial\SFML_tutorial\main.cpp(82,61): warning C4244: 'argument': conversion from 'double' to 'const int', possible loss of data
C:\Users\chris\OneDrive\Desktop\Code\git\christian-iverson\PA9\PA9-CPTS-122-Idea\dev\PA9-CPTS-122-Idea\SFML_tutorial\SFML_tutorial\SFML_tutorial\main.cpp(122,34): warning C4244: 'argument': conversion from 'double' to 'float', possible loss of data
C:\Users\chris\OneDrive\Desktop\Code\git\christian-iverson\PA9\PA9-CPTS-122-Idea\dev\PA9-CPTS-122-Idea\SFML_tutorial\SFML_tutorial\SFML_tutorial\main.cpp(128,38): warning C4244: 'argument': conversion from 'double' to 'float', possible loss of data
C:\Users\chris\OneDrive\Desktop\Code\git\christian-iverson\PA9\PA9-CPTS-122-Idea\dev\PA9-CPTS-122-Idea\SFML_tutorial\SFML_tutorial\SFML_tutorial\main.cpp(283,59): warning C4244: 'argument': conversion from 'double' to 'float', possible loss of data
C:\Users\chris\OneDrive\Desktop\Code\git\christian-iverson\PA9\PA9-CPTS-122-Idea\dev\PA9-CPTS-122-Idea\SFML_tutorial\SFML_tutorial\SFML_tutorial\main.cpp(284,71): warning C4244: 'argument': conversion from 'double' to 'const float', possible loss of data
C:\Users\chris\OneDrive\Desktop\Code\git\christian-iverson\PA9\PA9-CPTS-122-Idea\dev\PA9-CPTS-122-Idea\SFML_tutorial\SFML_tutorial\SFML_tutorial\main.cpp(292,59): warning C4244: 'argument': conversion from 'double' to 'float', possible loss of data
C:\Users\chris\OneDrive\Desktop\Code\git\christian-iverson\PA9\PA9-CPTS-122-Idea\dev\PA9-CPTS-122-Idea\SFML_tutorial\SFML_tutorial\SFML_tutorial\main.cpp(293,71): warning C4244: 'argument': conversion from 'double' to 'const float', possible loss of data
C:\Users\chris\OneDrive\Desktop\Code\git\christian-iverson\PA9\PA9-CPTS-122-Idea\dev\PA9-CPTS-122-Idea\SFML_tutorial\SFML_tutorial\SFML_tutorial\main.cpp(301,59): warning C4244: 'argument': conversion from 'double' to 'float', possible loss of data
C:\Users\chris\OneDrive\Desktop\Code\git\christian-iverson\PA9\PA9-CPTS-122-Idea\dev\PA9-CPTS-122-Idea\SFML_tutorial\SFML_tutorial\SFML_tutorial\main.cpp(302,71): warning C4244: 'argument': conversion from 'double' to 'const float', possible loss of data
C:\Users\chris\OneDrive\Desktop\Code\git\christian-iverson\PA9\PA9-CPTS-122-Idea\dev\PA9-CPTS-122-Idea\SFML_tutorial\SFML_tutorial\SFML_tutorial\main.cpp(310,59): warning C4244: 'argument': conversion from 'double' to 'float', possible loss of data
C:\Users\chris\OneDrive\Desktop\Code\git\christian-iverson\PA9\PA9-CPTS-122-Idea\dev\PA9-CPTS-122-Idea\SFML_tutorial\SFML_tutorial\SFML_tutorial\main.cpp(311,71): warning C4244: 'argument': conversion from 'double' to 'const float', possible loss of data
C:\Users\chris\OneDrive\Desktop\Code\git\christian-iverson\PA9\PA9-CPTS-122-Idea\dev\PA9-CPTS-122-Idea\SFML_tutorial\SFML_tutorial\SFML_tutorial\main.cpp(329,79): warning C4244: 'argument': conversion from 'const float' to 'const int', possible loss of data
C:\Users\chris\OneDrive\Desktop\Code\git\christian-iverson\PA9\PA9-CPTS-122-Idea\dev\PA9-CPTS-122-Idea\SFML_tutorial\SFML_tutorial\SFML_tutorial\main.cpp(329,75): warning C4244: 'argument': conversion from 'const T' to 'const int', possible loss of data
C:\Users\chris\OneDrive\Desktop\Code\git\christian-iverson\PA9\PA9-CPTS-122-Idea\dev\PA9-CPTS-122-Idea\SFML_tutorial\SFML_tutorial\SFML_tutorial\main.cpp(329,75): warning C4244:         with
C:\Users\chris\OneDrive\Desktop\Code\git\christian-iverson\PA9\PA9-CPTS-122-Idea\dev\PA9-CPTS-122-Idea\SFML_tutorial\SFML_tutorial\SFML_tutorial\main.cpp(329,75): warning C4244:         [
C:\Users\chris\OneDrive\Desktop\Code\git\christian-iverson\PA9\PA9-CPTS-122-Idea\dev\PA9-CPTS-122-Idea\SFML_tutorial\SFML_tutorial\SFML_tutorial\main.cpp(329,75): warning C4244:             T=float
C:\Users\chris\OneDrive\Desktop\Code\git\christian-iverson\PA9\PA9-CPTS-122-Idea\dev\PA9-CPTS-122-Idea\SFML_tutorial\SFML_tutorial\SFML_tutorial\main.cpp(329,75): warning C4244:         ]
C:\Users\chris\OneDrive\Desktop\Code\git\christian-iverson\PA9\PA9-CPTS-122-Idea\dev\PA9-CPTS-122-Idea\SFML_tutorial\SFML_tutorial\SFML_tutorial\main.cpp(330,82): warning C4244: 'argument': conversion from 'const float' to 'const int', possible loss of data
C:\Users\chris\OneDrive\Desktop\Code\git\christian-iverson\PA9\PA9-CPTS-122-Idea\dev\PA9-CPTS-122-Idea\SFML_tutorial\SFML_tutorial\SFML_tutorial\main.cpp(330,78): warning C4244: 'argument': conversion from 'const T' to 'const int', possible loss of data
C:\Users\chris\OneDrive\Desktop\Code\git\christian-iverson\PA9\PA9-CPTS-122-Idea\dev\PA9-CPTS-122-Idea\SFML_tutorial\SFML_tutorial\SFML_tutorial\main.cpp(330,78): warning C4244:         with
C:\Users\chris\OneDrive\Desktop\Code\git\christian-iverson\PA9\PA9-CPTS-122-Idea\dev\PA9-CPTS-122-Idea\SFML_tutorial\SFML_tutorial\SFML_tutorial\main.cpp(330,78): warning C4244:         [
C:\Users\chris\OneDrive\Desktop\Code\git\christian-iverson\PA9\PA9-CPTS-122-Idea\dev\PA9-CPTS-122-Idea\SFML_tutorial\SFML_tutorial\SFML_tutorial\main.cpp(330,78): warning C4244:             T=float
C:\Users\chris\OneDrive\Desktop\Code\git\christian-iverson\PA9\PA9-CPTS-122-Idea\dev\PA9-CPTS-122-Idea\SFML_tutorial\SFML_tutorial\SFML_tutorial\main.cpp(330,78): warning C4244:         ]
C:\Users\chris\OneDrive\Desktop\Code\git\christian-iverson\PA9\PA9-CPTS-122-Idea\dev\PA9-CPTS-122-Idea\SFML_tutorial\SFML_tutorial\SFML_tutorial\main.cpp(340,75): warning C4244: 'argument': conversion from 'const float' to 'const int', possible loss of data
C:\Users\chris\OneDrive\Desktop\Code\git\christian-iverson\PA9\PA9-CPTS-122-Idea\dev\PA9-CPTS-122-Idea\SFML_tutorial\SFML_tutorial\SFML_tutorial\main.cpp(340,71): warning C4244: 'argument': conversion from 'const T' to 'const int', possible loss of data
C:\Users\chris\OneDrive\Desktop\Code\git\christian-iverson\PA9\PA9-CPTS-122-Idea\dev\PA9-CPTS-122-Idea\SFML_tutorial\SFML_tutorial\SFML_tutorial\main.cpp(340,71): warning C4244:         with
C:\Users\chris\OneDrive\Desktop\Code\git\christian-iverson\PA9\PA9-CPTS-122-Idea\dev\PA9-CPTS-122-Idea\SFML_tutorial\SFML_tutorial\SFML_tutorial\main.cpp(340,71): warning C4244:         [
C:\Users\chris\OneDrive\Desktop\Code\git\christian-iverson\PA9\PA9-CPTS-122-Idea\dev\PA9-CPTS-122-Idea\SFML_tutorial\SFML_tutorial\SFML_tutorial\main.cpp(340,71): warning C4244:             T=float
C:\Users\chris\OneDrive\Desktop\Code\git\christian-iverson\PA9\PA9-CPTS-122-Idea\dev\PA9-CPTS-122-Idea\SFML_tutorial\SFML_tutorial\SFML_tutorial\main.cpp(340,71): warning C4244:         ]
C:\Users\chris\OneDrive\Desktop\Code\git\christian-iverson\PA9\PA9-CPTS-122-Idea\dev\PA9-CPTS-122-Idea\SFML_tutorial\SFML_tutorial\SFML_tutorial\main.cpp(341,78): warning C4244: 'argument': conversion from 'const float' to 'const int', possible loss of data
C:\Users\chris\OneDrive\Desktop\Code\git\christian-iverson\PA9\PA9-CPTS-122-Idea\dev\PA9-CPTS-122-Idea\SFML_tutorial\SFML_tutorial\SFML_tutorial\main.cpp(341,74): warning C4244: 'argument': conversion from 'const T' to 'const int', possible loss of data
C:\Users\chris\OneDrive\Desktop\Code\git\christian-iverson\PA9\PA9-CPTS-122-Idea\dev\PA9-CPTS-122-Idea\SFML_tutorial\SFML_tutorial\SFML_tutorial\main.cpp(341,74): warning C4244:         with
C:\Users\chris\OneDrive\Desktop\Code\git\christian-iverson\PA9\PA9-CPTS-122-Idea\dev\PA9-CPTS-122-Idea\SFML_tutorial\SFML_tutorial\SFML_tutorial\main.cpp(341,74): warning C4244:         [
C:\Users\chris\OneDrive\Desktop\Code\git\christian-iverson\PA9\PA9-CPTS-122-Idea\dev\PA9-CPTS-122-Idea\SFML_tutorial\SFML_tutorial\SFML_tutorial\main.cpp(341,74): warning C4244:             T=float
C:\Users\chris\OneDrive\Desktop\Code\git\christian-iverson\PA9\PA9-CPTS-122-Idea\dev\PA9-CPTS-122-Idea\SFML_tutorial\SFML_tutorial\SFML_tutorial\main.cpp(341,74): warning C4244:         ]
C:\Users\chris\OneDrive\Desktop\Code\git\christian-iverson\PA9\PA9-CPTS-122-Idea\dev\PA9-CPTS-122-Idea\SFML_tutorial\SFML_tutorial\SFML_tutorial\main.cpp(355,76): warning C4244: 'argument': conversion from 'const float' to 'const int', possible loss of data
C:\Users\chris\OneDrive\Desktop\Code\git\christian-iverson\PA9\PA9-CPTS-122-Idea\dev\PA9-CPTS-122-Idea\SFML_tutorial\SFML_tutorial\SFML_tutorial\main.cpp(355,72): warning C4244: 'argument': conversion from 'const T' to 'const int', possible loss of data
C:\Users\chris\OneDrive\Desktop\Code\git\christian-iverson\PA9\PA9-CPTS-122-Idea\dev\PA9-CPTS-122-Idea\SFML_tutorial\SFML_tutorial\SFML_tutorial\main.cpp(355,72): warning C4244:         with
C:\Users\chris\OneDrive\Desktop\Code\git\christian-iverson\PA9\PA9-CPTS-122-Idea\dev\PA9-CPTS-122-Idea\SFML_tutorial\SFML_tutorial\SFML_tutorial\main.cpp(355,72): warning C4244:         [
C:\Users\chris\OneDrive\Desktop\Code\git\christian-iverson\PA9\PA9-CPTS-122-Idea\dev\PA9-CPTS-122-Idea\SFML_tutorial\SFML_tutorial\SFML_tutorial\main.cpp(355,72): warning C4244:             T=float
C:\Users\chris\OneDrive\Desktop\Code\git\christian-iverson\PA9\PA9-CPTS-122-Idea\dev\PA9-CPTS-122-Idea\SFML_tutorial\SFML_tutorial\SFML_tutorial\main.cpp(355,72): warning C4244:         ]
C:\Users\chris\OneDrive\Desktop\Code\git\christian-iverson\PA9\PA9-CPTS-122-Idea\dev\PA9-CPTS-122-Idea\SFML_tutorial\SFML_tutorial\SFML_tutorial\main.cpp(356,79): warning C4244: 'argument': conversion from 'const float' to 'const int', possible loss of data
C:\Users\chris\OneDrive\Desktop\Code\git\christian-iverson\PA9\PA9-CPTS-122-Idea\dev\PA9-CPTS-122-Idea\SFML_tutorial\SFML_tutorial\SFML_tutorial\main.cpp(356,75): warning C4244: 'argument': conversion from 'const T' to 'const int', possible loss of data
C:\Users\chris\OneDrive\Desktop\Code\git\christian-iverson\PA9\PA9-CPTS-122-Idea\dev\PA9-CPTS-122-Idea\SFML_tutorial\SFML_tutorial\SFML_tutorial\main.cpp(356,75): warning C4244:         with
C:\Users\chris\OneDrive\Desktop\Code\git\christian-iverson\PA9\PA9-CPTS-122-Idea\dev\PA9-CPTS-122-Idea\SFML_tutorial\SFML_tutorial\SFML_tutorial\main.cpp(356,75): warning C4244:         [
C:\Users\chris\OneDrive\Desktop\Code\git\christian-iverson\PA9\PA9-CPTS-122-Idea\dev\PA9-CPTS-122-Idea\SFML_tutorial\SFML_tutorial\SFML_tutorial\main.cpp(356,75): warning C4244:             T=float
C:\Users\chris\OneDrive\Desktop\Code\git\christian-iverson\PA9\PA9-CPTS-122-Idea\dev\PA9-CPTS-122-Idea\SFML_tutorial\SFML_tutorial\SFML_tutorial\main.cpp(356,75): warning C4244:         ]
C:\Users\chris\OneDrive\Desktop\Code\git\christian-iverson\PA9\PA9-CPTS-122-Idea\dev\PA9-CPTS-122-Idea\SFML_tutorial\SFML_tutorial\SFML_tutorial\main.cpp(370,80): warning C4244: 'argument': conversion from 'const float' to 'const int', possible loss of data
C:\Users\chris\OneDrive\Desktop\Code\git\christian-iverson\PA9\PA9-CPTS-122-Idea\dev\PA9-CPTS-122-Idea\SFML_tutorial\SFML_tutorial\SFML_tutorial\main.cpp(370,76): warning C4244: 'argument': conversion from 'const T' to 'const int', possible loss of data
C:\Users\chris\OneDrive\Desktop\Code\git\christian-iverson\PA9\PA9-CPTS-122-Idea\dev\PA9-CPTS-122-Idea\SFML_tutorial\SFML_tutorial\SFML_tutorial\main.cpp(370,76): warning C4244:         with
C:\Users\chris\OneDrive\Desktop\Code\git\christian-iverson\PA9\PA9-CPTS-122-Idea\dev\PA9-CPTS-122-Idea\SFML_tutorial\SFML_tutorial\SFML_tutorial\main.cpp(370,76): warning C4244:         [
C:\Users\chris\OneDrive\Desktop\Code\git\christian-iverson\PA9\PA9-CPTS-122-Idea\dev\PA9-CPTS-122-Idea\SFML_tutorial\SFML_tutorial\SFML_tutorial\main.cpp(370,76): warning C4244:             T=float
C:\Users\chris\OneDrive\Desktop\Code\git\christian-iverson\PA9\PA9-CPTS-122-Idea\dev\PA9-CPTS-122-Idea\SFML_tutorial\SFML_tutorial\SFML_tutorial\main.cpp(370,76): warning C4244:         ]
C:\Users\chris\OneDrive\Desktop\Code\git\christian-iverson\PA9\PA9-CPTS-122-Idea\dev\PA9-CPTS-122-Idea\SFML_tutorial\SFML_tutorial\SFML_tutorial\main.cpp(371,83): warning C4244: 'argument': conversion from 'const float' to 'const int', possible loss of data
C:\Users\chris\OneDrive\Desktop\Code\git\christian-iverson\PA9\PA9-CPTS-122-Idea\dev\PA9-CPTS-122-Idea\SFML_tutorial\SFML_tutorial\SFML_tutorial\main.cpp(371,79): warning C4244: 'argument': conversion from 'const T' to 'const int', possible loss of data
C:\Users\chris\OneDrive\Desktop\Code\git\christian-iverson\PA9\PA9-CPTS-122-Idea\dev\PA9-CPTS-122-Idea\SFML_tutorial\SFML_tutorial\SFML_tutorial\main.cpp(371,79): warning C4244:         with
C:\Users\chris\OneDrive\Desktop\Code\git\christian-iverson\PA9\PA9-CPTS-122-Idea\dev\PA9-CPTS-122-Idea\SFML_tutorial\SFML_tutorial\SFML_tutorial\main.cpp(371,79): warning C4244:         [
C:\Users\chris\OneDrive\Desktop\Code\git\christian-iverson\PA9\PA9-CPTS-122-Idea\dev\PA9-CPTS-122-Idea\SFML_tutorial\SFML_tutorial\SFML_tutorial\main.cpp(371,79): warning C4244:             T=float
C:\Users\chris\OneDrive\Desktop\Code\git\christian-iverson\PA9\PA9-CPTS-122-Idea\dev\PA9-CPTS-122-Idea\SFML_tutorial\SFML_tutorial\SFML_tutorial\main.cpp(371,79): warning C4244:         ]
C:\Users\chris\OneDrive\Desktop\Code\git\christian-iverson\PA9\PA9-CPTS-122-Idea\dev\PA9-CPTS-122-Idea\SFML_tutorial\SFML_tutorial\SFML_tutorial\main.cpp(380,59): warning C4244: 'argument': conversion from 'double' to 'float', possible loss of data
C:\Users\chris\OneDrive\Desktop\Code\git\christian-iverson\PA9\PA9-CPTS-122-Idea\dev\PA9-CPTS-122-Idea\SFML_tutorial\SFML_tutorial\SFML_tutorial\main.cpp(381,71): warning C4244: 'argument': conversion from 'double' to 'const float', possible loss of data
C:\Users\chris\OneDrive\Desktop\Code\git\christian-iverson\PA9\PA9-CPTS-122-Idea\dev\PA9-CPTS-122-Idea\SFML_tutorial\SFML_tutorial\SFML_tutorial\main.cpp(385,81): warning C4244: 'argument': conversion from 'const float' to 'const int', possible loss of data
C:\Users\chris\OneDrive\Desktop\Code\git\christian-iverson\PA9\PA9-CPTS-122-Idea\dev\PA9-CPTS-122-Idea\SFML_tutorial\SFML_tutorial\SFML_tutorial\main.cpp(385,77): warning C4244: 'argument': conversion from 'const T' to 'const int', possible loss of data
C:\Users\chris\OneDrive\Desktop\Code\git\christian-iverson\PA9\PA9-CPTS-122-Idea\dev\PA9-CPTS-122-Idea\SFML_tutorial\SFML_tutorial\SFML_tutorial\main.cpp(385,77): warning C4244:         with
C:\Users\chris\OneDrive\Desktop\Code\git\christian-iverson\PA9\PA9-CPTS-122-Idea\dev\PA9-CPTS-122-Idea\SFML_tutorial\SFML_tutorial\SFML_tutorial\main.cpp(385,77): warning C4244:         [
C:\Users\chris\OneDrive\Desktop\Code\git\christian-iverson\PA9\PA9-CPTS-122-Idea\dev\PA9-CPTS-122-Idea\SFML_tutorial\SFML_tutorial\SFML_tutorial\main.cpp(385,77): warning C4244:             T=float
C:\Users\chris\OneDrive\Desktop\Code\git\christian-iverson\PA9\PA9-CPTS-122-Idea\dev\PA9-CPTS-122-Idea\SFML_tutorial\SFML_tutorial\SFML_tutorial\main.cpp(385,77): warning C4244:         ]
C:\Users\chris\OneDrive\Desktop\Code\git\christian-iverson\PA9\PA9-CPTS-122-Idea\dev\PA9-CPTS-122-Idea\SFML_tutorial\SFML_tutorial\SFML_tutorial\main.cpp(386,84): warning C4244: 'argument': conversion from 'const float' to 'const int', possible loss of data
C:\Users\chris\OneDrive\Desktop\Code\git\christian-iverson\PA9\PA9-CPTS-122-Idea\dev\PA9-CPTS-122-Idea\SFML_tutorial\SFML_tutorial\SFML_tutorial\main.cpp(386,80): warning C4244: 'argument': conversion from 'const T' to 'const int', possible loss of data
C:\Users\chris\OneDrive\Desktop\Code\git\christian-iverson\PA9\PA9-CPTS-122-Idea\dev\PA9-CPTS-122-Idea\SFML_tutorial\SFML_tutorial\SFML_tutorial\main.cpp(386,80): warning C4244:         with
C:\Users\chris\OneDrive\Desktop\Code\git\christian-iverson\PA9\PA9-CPTS-122-Idea\dev\PA9-CPTS-122-Idea\SFML_tutorial\SFML_tutorial\SFML_tutorial\main.cpp(386,80): warning C4244:         [
C:\Users\chris\OneDrive\Desktop\Code\git\christian-iverson\PA9\PA9-CPTS-122-Idea\dev\PA9-CPTS-122-Idea\SFML_tutorial\SFML_tutorial\SFML_tutorial\main.cpp(386,80): warning C4244:             T=float
C:\Users\chris\OneDrive\Desktop\Code\git\christian-iverson\PA9\PA9-CPTS-122-Idea\dev\PA9-CPTS-122-Idea\SFML_tutorial\SFML_tutorial\SFML_tutorial\main.cpp(386,80): warning C4244:         ]
C:\Users\chris\OneDrive\Desktop\Code\git\christian-iverson\PA9\PA9-CPTS-122-Idea\dev\PA9-CPTS-122-Idea\SFML_tutorial\SFML_tutorial\SFML_tutorial\main.cpp(395,59): warning C4244: 'argument': conversion from 'double' to 'float', possible loss of data
C:\Users\chris\OneDrive\Desktop\Code\git\christian-iverson\PA9\PA9-CPTS-122-Idea\dev\PA9-CPTS-122-Idea\SFML_tutorial\SFML_tutorial\SFML_tutorial\main.cpp(396,71): warning C4244: 'argument': conversion from 'double' to 'const float', possible loss of data
C:\Users\chris\OneDrive\Desktop\Code\git\christian-iverson\PA9\PA9-CPTS-122-Idea\dev\PA9-CPTS-122-Idea\SFML_tutorial\SFML_tutorial\SFML_tutorial\main.cpp(439,81): warning C4244: 'argument': conversion from 'double' to 'const float', possible loss of data
C:\Users\chris\OneDrive\Desktop\Code\git\christian-iverson\PA9\PA9-CPTS-122-Idea\dev\PA9-CPTS-122-Idea\SFML_tutorial\SFML_tutorial\SFML_tutorial\main.cpp(439,61): warning C4244: 'argument': conversion from 'double' to 'const float', possible loss of data
sfml-graphics-s-d.lib(Font.obj) : warning LNK4099: PDB '' was not found with 'sfml-graphics-s-d.lib(Font.obj)' or at ''; linking object as if no debug info
sfml-graphics-s-d.lib(Text.obj) : warning LNK4099: PDB '' was not found with 'sfml-graphics-s-d.lib(Text.obj)' or at ''; linking object as if no debug info
  SFML_tutorial.vcxproj -> C:\Users\chris\OneDrive\Desktop\Code\git\christian-iverson\PA9\PA9-CPTS-122-Idea\dev\PA9-CPTS-122-Idea\SFML_tutorial\SFML_tutorial\x64\Debug\SFML_tutorial.exe
